<?xml version="1.0" encoding="UTF-8"?>
<testng-results skipped="0" failed="0" ignored="0" total="1" passed="1">
  <reporter-output>
  </reporter-output>
  <suite name="Default suite" duration-ms="18813" started-at="2018-01-10T10:47:33Z" finished-at="2018-01-10T10:47:52Z">
    <groups>
    </groups>
    <test name="Default test" duration-ms="18813" started-at="2018-01-10T10:47:33Z" finished-at="2018-01-10T10:47:52Z">
      <class name="example.NewTest">
        <test-method status="PASS" signature="beforeTest()[pri:0, instance:example.NewTest@1d057a39]" name="beforeTest" is-config="true" duration-ms="8568" started-at="2018-01-10T16:17:33Z" finished-at="2018-01-10T16:17:42Z">
          <reporter-output>
          </reporter-output>
        </test-method> <!-- beforeTest -->
        <test-method status="PASS" signature="testEasy()[pri:0, instance:example.NewTest@1d057a39]" name="testEasy" duration-ms="9269" started-at="2018-01-10T16:17:42Z" finished-at="2018-01-10T16:17:51Z">
          <reporter-output>
          </reporter-output>
        </test-method> <!-- testEasy -->
        <test-method status="PASS" signature="afterTest()[pri:0, instance:example.NewTest@1d057a39]" name="afterTest" is-config="true" duration-ms="957" started-at="2018-01-10T16:17:51Z" finished-at="2018-01-10T16:17:52Z">
          <reporter-output>
          </reporter-output>
        </test-method> <!-- afterTest -->
      </class> <!-- example.NewTest -->
    </test> <!-- Default test -->
  </suite> <!-- Default suite -->
</testng-results>
